<?xml version="1.0" encoding="UTF-8"?>
<testsuites name="Test_Admin_Page_Accessible" time="69.48" tests="8" failures="0" errors="0">
   <testsuite name="Test_Admin_Page_Accessible" tests="8" failures="0" errors="0" time="69.48" skipped="0" timestamp="23-06-2024T20:33:10" hostname="Summer - DESKTOP-KG5V3HF" id="Test Suites/Test_Admin_Page_Accessible">
      <properties>
         <property name="deviceName" value=""/>
         <property name="devicePlatform"/>
         <property name="logFolder" value="C:\\DevPackage\\xampp\\htdocs\\SAD\\ArtLens\\Reports\\20240623_203303\\Test_Admin_Page_Accessible\\20240623_203303"/>
         <property name="logFiles" value="C:\\DevPackage\\xampp\\htdocs\\SAD\\ArtLens\\Reports\\20240623_203303\\Test_Admin_Page_Accessible\\20240623_203303\\execution0.log"/>
         <property name="attachments" value=""/>
         <property name="hostName" value="Summer - DESKTOP-KG5V3HF"/>
         <property name="os" value="Windows 10 64bit"/>
         <property name="katalonVersion" value="9.6.0.217"/>
         <property name="browser" value="Edge Chromium 126"/>
         <property name="hostAddress" value="192.200.100.56"/>
         <property name="sessionId" value="665fafcf32b8aab92a505230b332e7e5"/>
         <property name="seleniumVersion" value="3.141.59"/>
         <property name="proxyInformation" value="ProxyInformation { proxyOption=NO_PROXY, proxyServerType=HTTP, username=, password=********, proxyServerAddress=, proxyServerPort=0, executionList=&quot;&quot;, isApplyToDesiredCapabilities=true }"/>
         <property name="platform" value="Windows 10"/>
      </properties>
      <testcase name="Test Cases/admin/account_management/page_accessible" time="13.378" classname="Test Cases/admin/account_management/page_accessible" status="PASSED">
         <system-out><![CDATA[23-06-2024T20:33:10 - [TEST_CASE][PASSED] - Test Cases/admin/account_management/page_accessible: Test Cases/admin/account_management/page_accessible

23-06-2024T20:33:10 - [TEST_STEP][PASSED] - Start listener action : sampleBeforeTestCase: Browser is opened with url: ''

23-06-2024T20:33:10 - [TEST_STEP][PASSED] - println(testCaseContext.getTestCaseId()): null

23-06-2024T20:33:10 - [TEST_STEP][PASSED] - openBrowser(""): Browser is opened with url: ''

23-06-2024T20:33:11 - [MESSAGE][INFO] - Starting 'Edge Chromium' driver

23-06-2024T20:33:12 - [MESSAGE][INFO] - Action delay is set to 0 milliseconds

23-06-2024T20:33:14 - [MESSAGE][PASSED] - Browser is opened with url: ''

23-06-2024T20:33:14 - [TEST_STEP][PASSED] - AdminUtils.openWebPage("adminaccount.php"): Navigate to 'http://localhost/SAD/ArtLens/adminaccount.php' successfully

23-06-2024T20:33:16 - [MESSAGE][INFO] - HAR: C:\DevPackage\xampp\htdocs\SAD\ArtLens\Reports\20240623_203303\Test_Admin_Page_Accessible\20240623_203303\requests\main\0.har

23-06-2024T20:33:16 - [MESSAGE][PASSED] - Send request successfully

23-06-2024T20:33:16 - [MESSAGE][PASSED] - All links are accessible

23-06-2024T20:33:17 - [MESSAGE][PASSED] - Navigate to 'http://localhost/SAD/ArtLens/adminaccount.php' successfully

23-06-2024T20:33:17 - [TEST_STEP][PASSED] - callTestCase(findTestCase("Common_TestCases/admin_login_all_valid"), [:], STOP_ON_FAILURE): Call Test Case 'Test Cases/Common_TestCases/admin_login_all_valid' successfully

23-06-2024T20:33:17 - [TEST_CASE][PASSED] - Test Cases/Common_TestCases/admin_login_all_valid: Test Cases/Common_TestCases/admin_login_all_valid

23-06-2024T20:33:17 - [TEST_STEP][PASSED] - try: The URL is correct: http://localhost/SAD/ArtLens/adminindex.php

23-06-2024T20:33:17 - [TEST_STEP][PASSED] - userIndex = userIndex: null

23-06-2024T20:33:17 - [TEST_STEP][PASSED] - callTestCase(findTestCase("admin/landing_page/header_bar_visible"), [:], STOP_ON_FAILURE): Call Test Case 'Test Cases/admin/landing_page/header_bar_visible' successfully

23-06-2024T20:33:17 - [TEST_CASE][PASSED] - Test Cases/admin/landing_page/header_bar_visible: Test Cases/admin/landing_page/header_bar_visible

23-06-2024T20:33:17 - [TEST_STEP][PASSED] - callTestCase(findTestCase("admin/landing_page/page_acessible"), [:], STOP_ON_FAILURE): Call Test Case 'Test Cases/admin/landing_page/page_acessible' successfully

23-06-2024T20:33:17 - [TEST_CASE][PASSED] - Test Cases/admin/landing_page/page_acessible: Test Cases/admin/landing_page/page_acessible

23-06-2024T20:33:18 - [TEST_STEP][PASSED] - AdminUtils.openWebPage("admin.php"): Navigate to 'http://localhost/SAD/ArtLens/admin.php' successfully

23-06-2024T20:33:18 - [MESSAGE][INFO] - HAR: C:\DevPackage\xampp\htdocs\SAD\ArtLens\Reports\20240623_203303\Test_Admin_Page_Accessible\20240623_203303\requests\main\1.har

23-06-2024T20:33:18 - [MESSAGE][PASSED] - Send request successfully

23-06-2024T20:33:18 - [MESSAGE][PASSED] - All links are accessible

23-06-2024T20:33:18 - [MESSAGE][PASSED] - Navigate to 'http://localhost/SAD/ArtLens/admin.php' successfully

23-06-2024T20:33:18 - [MESSAGE][PASSED] - Call Test Case 'Test Cases/admin/landing_page/page_acessible' successfully

23-06-2024T20:33:18 - [TEST_STEP][PASSED] - verifyElementPresent(findTestObject("admin/landing_page/nav_ArtLens            Admin Login"), 0): Object 'Object Repository/admin/landing_page/nav_ArtLens            Admin Login' is present

23-06-2024T20:33:18 - [MESSAGE][WARNING] - Timeout '0' is invalid. Using default page load timeout: '30'

23-06-2024T20:33:18 - [MESSAGE][PASSED] - Object 'Object Repository/admin/landing_page/nav_ArtLens            Admin Login' is present

23-06-2024T20:33:18 - [TEST_STEP][PASSED] - verifyElementVisible(findTestObject("admin/landing_page/nav_ArtLens            Admin Login")): Object 'Object Repository/admin/landing_page/nav_ArtLens            Admin Login' is visible

23-06-2024T20:33:19 - [MESSAGE][PASSED] - Object 'Object Repository/admin/landing_page/nav_ArtLens            Admin Login' is visible

23-06-2024T20:33:19 - [MESSAGE][PASSED] - Call Test Case 'Test Cases/admin/landing_page/header_bar_visible' successfully

23-06-2024T20:33:19 - [TEST_STEP][PASSED] - AdminUtils.adminLogin(ValidUsernameCredentials[userIndex], ValidPasswordCredentials[userIndex]): Object: 'Object Repository/admin/landing_page/button_Login' is clicked on

23-06-2024T20:33:19 - [MESSAGE][WARNING] - Timeout '0' is invalid. Using default page load timeout: '30'

23-06-2024T20:33:19 - [MESSAGE][PASSED] - Object 'Object Repository/admin/landing_page/a_Admin Login' is present

23-06-2024T20:33:19 - [MESSAGE][PASSED] - Object 'Object Repository/admin/landing_page/a_Admin Login' is visible

23-06-2024T20:33:19 - [MESSAGE][PASSED] - Object: 'Object Repository/admin/landing_page/a_Admin Login' is clicked on

23-06-2024T20:33:20 - [MESSAGE][PASSED] - Text 'admin@gmail.com' is set on object 'Object Repository/admin/landing_page/input_ARTLENS_uname'

23-06-2024T20:33:20 - [MESSAGE][PASSED] - Object: 'Object Repository/admin/landing_page/button_Show' is clicked on

23-06-2024T20:33:21 - [MESSAGE][PASSED] - Text '@Helloword' is set on object 'Object Repository/admin/landing_page/input_ARTLENS_pass_1'

23-06-2024T20:33:21 - [MESSAGE][WARNING] - Timeout '0' is invalid. Using default page load timeout: '30'

23-06-2024T20:33:21 - [MESSAGE][PASSED] - Object 'Object Repository/admin/landing_page/button_Login' is present

23-06-2024T20:33:21 - [MESSAGE][PASSED] - Object 'Object Repository/admin/landing_page/button_Login' is visible

23-06-2024T20:33:22 - [MESSAGE][PASSED] - Object: 'Object Repository/admin/landing_page/button_Login' is clicked on

23-06-2024T20:33:22 - [TEST_STEP][PASSED] - currentUrl = getUrl(): Current window's url is: 'http://localhost/SAD/ArtLens/adminindex.php'

23-06-2024T20:33:22 - [MESSAGE][PASSED] - Current window's url is: 'http://localhost/SAD/ArtLens/adminindex.php'

23-06-2024T20:33:22 - [TEST_STEP][PASSED] - expectedUrl = $GlobalVariable.appBaseLinkadminindex.php: null

23-06-2024T20:33:22 - [TEST_STEP][PASSED] - isUrlCorrect = verifyMatch(currentUrl, expectedUrl, false): Actual text 'http://localhost/SAD/ArtLens/adminindex.php' and expected text 'http://localhost/SAD/ArtLens/adminindex.php' are matched 

23-06-2024T20:33:22 - [MESSAGE][PASSED] - Actual text 'http://localhost/SAD/ArtLens/adminindex.php' and expected text 'http://localhost/SAD/ArtLens/adminindex.php' are matched 

23-06-2024T20:33:22 - [TEST_STEP][PASSED] - if (isUrlCorrect): The URL is correct: http://localhost/SAD/ArtLens/adminindex.php

23-06-2024T20:33:22 - [TEST_STEP][PASSED] - markPassed("The URL is correct: " + currentUrl): The URL is correct: http://localhost/SAD/ArtLens/adminindex.php

23-06-2024T20:33:22 - [MESSAGE][PASSED] - The URL is correct: http://localhost/SAD/ArtLens/adminindex.php

23-06-2024T20:33:22 - [TEST_STEP][PASSED] - Finally: null

23-06-2024T20:33:22 - [MESSAGE][PASSED] - Call Test Case 'Test Cases/Common_TestCases/admin_login_all_valid' successfully

23-06-2024T20:33:22 - [TEST_STEP][PASSED] - verifyElementPresent(findTestObject("Object Repository/admin/components/top_navbar/i_Logout_bi bi-person-circle fs-3 mr-3"), 0): Object 'Object Repository/admin/components/top_navbar/i_Logout_bi bi-person-circle fs-3 mr-3' is present

23-06-2024T20:33:22 - [MESSAGE][WARNING] - Timeout '0' is invalid. Using default page load timeout: '30'

23-06-2024T20:33:23 - [MESSAGE][PASSED] - Object 'Object Repository/admin/components/top_navbar/i_Logout_bi bi-person-circle fs-3 mr-3' is present

23-06-2024T20:33:23 - [TEST_STEP][PASSED] - verifyElementVisible(findTestObject("Object Repository/admin/components/top_navbar/i_Logout_bi bi-person-circle fs-3 mr-3"), STOP_ON_FAILURE): Object 'Object Repository/admin/components/top_navbar/i_Logout_bi bi-person-circle fs-3 mr-3' is visible

23-06-2024T20:33:23 - [MESSAGE][PASSED] - Object 'Object Repository/admin/components/top_navbar/i_Logout_bi bi-person-circle fs-3 mr-3' is visible

23-06-2024T20:33:23 - [TEST_STEP][PASSED] - click(findTestObject("Object Repository/admin/components/top_navbar/i_Logout_bi bi-person-circle fs-3 mr-3")): Object: 'Object Repository/admin/components/top_navbar/i_Logout_bi bi-person-circle fs-3 mr-3' is clicked on

23-06-2024T20:33:23 - [MESSAGE][PASSED] - Object: 'Object Repository/admin/components/top_navbar/i_Logout_bi bi-person-circle fs-3 mr-3' is clicked on

23-06-2024T20:33:23 - [TEST_STEP][PASSED] - currentUrl = getUrl(): Current window's url is: 'http://localhost/SAD/ArtLens/adminaccount.php'

23-06-2024T20:33:23 - [MESSAGE][PASSED] - Current window's url is: 'http://localhost/SAD/ArtLens/adminaccount.php'

23-06-2024T20:33:23 - [TEST_STEP][PASSED] - expectedUrl = $GlobalVariable.appBaseLinkadminaccount.php: null

23-06-2024T20:33:23 - [TEST_STEP][PASSED] - isUrlCorrect = verifyMatch(currentUrl, expectedUrl, false): Actual text 'http://localhost/SAD/ArtLens/adminaccount.php' and expected text 'http://localhost/SAD/ArtLens/adminaccount.php' are matched 

23-06-2024T20:33:23 - [MESSAGE][PASSED] - Actual text 'http://localhost/SAD/ArtLens/adminaccount.php' and expected text 'http://localhost/SAD/ArtLens/adminaccount.php' are matched 

23-06-2024T20:33:23 - [TEST_STEP][PASSED] - if (isUrlCorrect): The URL is correct: http://localhost/SAD/ArtLens/adminaccount.php

23-06-2024T20:33:23 - [TEST_STEP][PASSED] - markPassed("The URL is correct: " + currentUrl): The URL is correct: http://localhost/SAD/ArtLens/adminaccount.php

23-06-2024T20:33:23 - [MESSAGE][PASSED] - The URL is correct: http://localhost/SAD/ArtLens/adminaccount.php

23-06-2024T20:33:23 - [TEST_STEP][PASSED] - Start listener action : sampleAfterTestCase: null]]></system-out>
         <system-err><![CDATA[]]></system-err>
      </testcase>
      <testcase name="Test Cases/admin/announcement_management/page_accessible" time="9.69" classname="Test Cases/admin/announcement_management/page_accessible" status="PASSED">
         <system-out><![CDATA[23-06-2024T20:33:23 - [TEST_CASE][PASSED] - Test Cases/admin/announcement_management/page_accessible: Test Cases/admin/announcement_management/page_accessible

23-06-2024T20:33:23 - [TEST_STEP][PASSED] - Start listener action : sampleBeforeTestCase: Browser is opened with url: ''

23-06-2024T20:33:23 - [TEST_STEP][PASSED] - println(testCaseContext.getTestCaseId()): null

23-06-2024T20:33:23 - [TEST_STEP][PASSED] - openBrowser(""): Browser is opened with url: ''

23-06-2024T20:33:23 - [MESSAGE][WARNING] - A browser is already opened. Closing browser and opening a new one

23-06-2024T20:33:24 - [MESSAGE][INFO] - Starting 'Edge Chromium' driver

23-06-2024T20:33:25 - [MESSAGE][INFO] - Action delay is set to 0 milliseconds

23-06-2024T20:33:27 - [MESSAGE][PASSED] - Browser is opened with url: ''

23-06-2024T20:33:27 - [TEST_STEP][PASSED] - AdminUtils.openWebPage("adminannouncements.php"): Navigate to 'http://localhost/SAD/ArtLens/adminannouncements.php' successfully

23-06-2024T20:33:27 - [MESSAGE][INFO] - HAR: C:\DevPackage\xampp\htdocs\SAD\ArtLens\Reports\20240623_203303\Test_Admin_Page_Accessible\20240623_203303\requests\main\2.har

23-06-2024T20:33:27 - [MESSAGE][PASSED] - Send request successfully

23-06-2024T20:33:27 - [MESSAGE][PASSED] - All links are accessible

23-06-2024T20:33:27 - [MESSAGE][PASSED] - Navigate to 'http://localhost/SAD/ArtLens/adminannouncements.php' successfully

23-06-2024T20:33:27 - [TEST_STEP][PASSED] - callTestCase(findTestCase("Common_TestCases/admin_login_all_valid"), [:], STOP_ON_FAILURE): Call Test Case 'Test Cases/Common_TestCases/admin_login_all_valid' successfully

23-06-2024T20:33:27 - [TEST_CASE][PASSED] - Test Cases/Common_TestCases/admin_login_all_valid: Test Cases/Common_TestCases/admin_login_all_valid

23-06-2024T20:33:27 - [TEST_STEP][PASSED] - try: The URL is correct: http://localhost/SAD/ArtLens/adminindex.php

23-06-2024T20:33:27 - [TEST_STEP][PASSED] - userIndex = userIndex: null

23-06-2024T20:33:27 - [TEST_STEP][PASSED] - callTestCase(findTestCase("admin/landing_page/header_bar_visible"), [:], STOP_ON_FAILURE): Call Test Case 'Test Cases/admin/landing_page/header_bar_visible' successfully

23-06-2024T20:33:27 - [TEST_CASE][PASSED] - Test Cases/admin/landing_page/header_bar_visible: Test Cases/admin/landing_page/header_bar_visible

23-06-2024T20:33:27 - [TEST_STEP][PASSED] - callTestCase(findTestCase("admin/landing_page/page_acessible"), [:], STOP_ON_FAILURE): Call Test Case 'Test Cases/admin/landing_page/page_acessible' successfully

23-06-2024T20:33:28 - [TEST_CASE][PASSED] - Test Cases/admin/landing_page/page_acessible: Test Cases/admin/landing_page/page_acessible

23-06-2024T20:33:28 - [TEST_STEP][PASSED] - AdminUtils.openWebPage("admin.php"): Navigate to 'http://localhost/SAD/ArtLens/admin.php' successfully

23-06-2024T20:33:28 - [MESSAGE][INFO] - HAR: C:\DevPackage\xampp\htdocs\SAD\ArtLens\Reports\20240623_203303\Test_Admin_Page_Accessible\20240623_203303\requests\main\3.har

23-06-2024T20:33:28 - [MESSAGE][PASSED] - Send request successfully

23-06-2024T20:33:28 - [MESSAGE][PASSED] - All links are accessible

23-06-2024T20:33:28 - [MESSAGE][PASSED] - Navigate to 'http://localhost/SAD/ArtLens/admin.php' successfully

23-06-2024T20:33:28 - [MESSAGE][PASSED] - Call Test Case 'Test Cases/admin/landing_page/page_acessible' successfully

23-06-2024T20:33:28 - [TEST_STEP][PASSED] - verifyElementPresent(findTestObject("admin/landing_page/nav_ArtLens            Admin Login"), 0): Object 'Object Repository/admin/landing_page/nav_ArtLens            Admin Login' is present

23-06-2024T20:33:28 - [MESSAGE][WARNING] - Timeout '0' is invalid. Using default page load timeout: '30'

23-06-2024T20:33:28 - [MESSAGE][PASSED] - Object 'Object Repository/admin/landing_page/nav_ArtLens            Admin Login' is present

23-06-2024T20:33:28 - [TEST_STEP][PASSED] - verifyElementVisible(findTestObject("admin/landing_page/nav_ArtLens            Admin Login")): Object 'Object Repository/admin/landing_page/nav_ArtLens            Admin Login' is visible

23-06-2024T20:33:28 - [MESSAGE][PASSED] - Object 'Object Repository/admin/landing_page/nav_ArtLens            Admin Login' is visible

23-06-2024T20:33:28 - [MESSAGE][PASSED] - Call Test Case 'Test Cases/admin/landing_page/header_bar_visible' successfully

23-06-2024T20:33:28 - [TEST_STEP][PASSED] - AdminUtils.adminLogin(ValidUsernameCredentials[userIndex], ValidPasswordCredentials[userIndex]): Object: 'Object Repository/admin/landing_page/button_Login' is clicked on

23-06-2024T20:33:28 - [MESSAGE][WARNING] - Timeout '0' is invalid. Using default page load timeout: '30'

23-06-2024T20:33:29 - [MESSAGE][PASSED] - Object 'Object Repository/admin/landing_page/a_Admin Login' is present

23-06-2024T20:33:29 - [MESSAGE][PASSED] - Object 'Object Repository/admin/landing_page/a_Admin Login' is visible

23-06-2024T20:33:29 - [MESSAGE][PASSED] - Object: 'Object Repository/admin/landing_page/a_Admin Login' is clicked on

23-06-2024T20:33:30 - [MESSAGE][PASSED] - Text 'admin@gmail.com' is set on object 'Object Repository/admin/landing_page/input_ARTLENS_uname'

23-06-2024T20:33:30 - [MESSAGE][PASSED] - Object: 'Object Repository/admin/landing_page/button_Show' is clicked on

23-06-2024T20:33:31 - [MESSAGE][PASSED] - Text '@Helloword' is set on object 'Object Repository/admin/landing_page/input_ARTLENS_pass_1'

23-06-2024T20:33:31 - [MESSAGE][WARNING] - Timeout '0' is invalid. Using default page load timeout: '30'

23-06-2024T20:33:31 - [MESSAGE][PASSED] - Object 'Object Repository/admin/landing_page/button_Login' is present

23-06-2024T20:33:31 - [MESSAGE][PASSED] - Object 'Object Repository/admin/landing_page/button_Login' is visible

23-06-2024T20:33:32 - [MESSAGE][PASSED] - Object: 'Object Repository/admin/landing_page/button_Login' is clicked on

23-06-2024T20:33:32 - [TEST_STEP][PASSED] - currentUrl = getUrl(): Current window's url is: 'http://localhost/SAD/ArtLens/adminindex.php'

23-06-2024T20:33:32 - [MESSAGE][PASSED] - Current window's url is: 'http://localhost/SAD/ArtLens/adminindex.php'

23-06-2024T20:33:32 - [TEST_STEP][PASSED] - expectedUrl = $GlobalVariable.appBaseLinkadminindex.php: null

23-06-2024T20:33:32 - [TEST_STEP][PASSED] - isUrlCorrect = verifyMatch(currentUrl, expectedUrl, false): Actual text 'http://localhost/SAD/ArtLens/adminindex.php' and expected text 'http://localhost/SAD/ArtLens/adminindex.php' are matched 

23-06-2024T20:33:32 - [MESSAGE][PASSED] - Actual text 'http://localhost/SAD/ArtLens/adminindex.php' and expected text 'http://localhost/SAD/ArtLens/adminindex.php' are matched 

23-06-2024T20:33:32 - [TEST_STEP][PASSED] - if (isUrlCorrect): The URL is correct: http://localhost/SAD/ArtLens/adminindex.php

23-06-2024T20:33:32 - [TEST_STEP][PASSED] - markPassed("The URL is correct: " + currentUrl): The URL is correct: http://localhost/SAD/ArtLens/adminindex.php

23-06-2024T20:33:32 - [MESSAGE][PASSED] - The URL is correct: http://localhost/SAD/ArtLens/adminindex.php

23-06-2024T20:33:32 - [TEST_STEP][PASSED] - Finally: null

23-06-2024T20:33:32 - [MESSAGE][PASSED] - Call Test Case 'Test Cases/Common_TestCases/admin_login_all_valid' successfully

23-06-2024T20:33:32 - [TEST_STEP][PASSED] - verifyElementPresent(findTestObject("Object Repository/admin/components/side_nav_drawer/a_Announcements"), 0): Object 'Object Repository/admin/components/side_nav_drawer/a_Announcements' is present

23-06-2024T20:33:32 - [MESSAGE][WARNING] - Timeout '0' is invalid. Using default page load timeout: '30'

23-06-2024T20:33:32 - [MESSAGE][PASSED] - Object 'Object Repository/admin/components/side_nav_drawer/a_Announcements' is present

23-06-2024T20:33:32 - [TEST_STEP][PASSED] - verifyElementVisible(findTestObject("Object Repository/admin/components/side_nav_drawer/a_Announcements"), STOP_ON_FAILURE): Object 'Object Repository/admin/components/side_nav_drawer/a_Announcements' is visible

23-06-2024T20:33:33 - [MESSAGE][PASSED] - Object 'Object Repository/admin/components/side_nav_drawer/a_Announcements' is visible

23-06-2024T20:33:33 - [TEST_STEP][PASSED] - click(findTestObject("Object Repository/admin/components/side_nav_drawer/a_Announcements")): Object: 'Object Repository/admin/components/side_nav_drawer/a_Announcements' is clicked on

23-06-2024T20:33:33 - [MESSAGE][PASSED] - Object: 'Object Repository/admin/components/side_nav_drawer/a_Announcements' is clicked on

23-06-2024T20:33:33 - [TEST_STEP][PASSED] - currentUrl = getUrl(): Current window's url is: 'http://localhost/SAD/ArtLens/adminannouncements.php'

23-06-2024T20:33:33 - [MESSAGE][PASSED] - Current window's url is: 'http://localhost/SAD/ArtLens/adminannouncements.php'

23-06-2024T20:33:33 - [TEST_STEP][PASSED] - expectedUrl = $GlobalVariable.appBaseLinkadminannouncements.php: null

23-06-2024T20:33:33 - [TEST_STEP][PASSED] - isUrlCorrect = verifyMatch(currentUrl, expectedUrl, false): Actual text 'http://localhost/SAD/ArtLens/adminannouncements.php' and expected text 'http://localhost/SAD/ArtLens/adminannouncements.php' are matched 

23-06-2024T20:33:33 - [MESSAGE][PASSED] - Actual text 'http://localhost/SAD/ArtLens/adminannouncements.php' and expected text 'http://localhost/SAD/ArtLens/adminannouncements.php' are matched 

23-06-2024T20:33:33 - [TEST_STEP][PASSED] - if (isUrlCorrect): The URL is correct: http://localhost/SAD/ArtLens/adminannouncements.php

23-06-2024T20:33:33 - [TEST_STEP][PASSED] - markPassed("The URL is correct: " + currentUrl): The URL is correct: http://localhost/SAD/ArtLens/adminannouncements.php

23-06-2024T20:33:33 - [MESSAGE][PASSED] - The URL is correct: http://localhost/SAD/ArtLens/adminannouncements.php

23-06-2024T20:33:33 - [TEST_STEP][PASSED] - Start listener action : sampleAfterTestCase: null]]></system-out>
         <system-err><![CDATA[]]></system-err>
      </testcase>
      <testcase name="Test Cases/admin/artwork_management/page_accessible" time="9.817" classname="Test Cases/admin/artwork_management/page_accessible" status="PASSED">
         <system-out><![CDATA[23-06-2024T20:33:33 - [TEST_CASE][PASSED] - Test Cases/admin/artwork_management/page_accessible: Test Cases/admin/artwork_management/page_accessible

23-06-2024T20:33:33 - [TEST_STEP][PASSED] - Start listener action : sampleBeforeTestCase: Browser is opened with url: ''

23-06-2024T20:33:33 - [TEST_STEP][PASSED] - println(testCaseContext.getTestCaseId()): null

23-06-2024T20:33:33 - [TEST_STEP][PASSED] - openBrowser(""): Browser is opened with url: ''

23-06-2024T20:33:33 - [MESSAGE][WARNING] - A browser is already opened. Closing browser and opening a new one

23-06-2024T20:33:33 - [MESSAGE][INFO] - Starting 'Edge Chromium' driver

23-06-2024T20:33:35 - [MESSAGE][INFO] - Action delay is set to 0 milliseconds

23-06-2024T20:33:37 - [MESSAGE][PASSED] - Browser is opened with url: ''

23-06-2024T20:33:37 - [TEST_STEP][PASSED] - AdminUtils.openWebPage("adminartwork.php"): Navigate to 'http://localhost/SAD/ArtLens/adminartwork.php' successfully

23-06-2024T20:33:37 - [MESSAGE][INFO] - HAR: C:\DevPackage\xampp\htdocs\SAD\ArtLens\Reports\20240623_203303\Test_Admin_Page_Accessible\20240623_203303\requests\main\4.har

23-06-2024T20:33:37 - [MESSAGE][PASSED] - Send request successfully

23-06-2024T20:33:37 - [MESSAGE][PASSED] - All links are accessible

23-06-2024T20:33:37 - [MESSAGE][PASSED] - Navigate to 'http://localhost/SAD/ArtLens/adminartwork.php' successfully

23-06-2024T20:33:37 - [TEST_STEP][PASSED] - callTestCase(findTestCase("Common_TestCases/admin_login_all_valid"), [:], STOP_ON_FAILURE): Call Test Case 'Test Cases/Common_TestCases/admin_login_all_valid' successfully

23-06-2024T20:33:37 - [TEST_CASE][PASSED] - Test Cases/Common_TestCases/admin_login_all_valid: Test Cases/Common_TestCases/admin_login_all_valid

23-06-2024T20:33:37 - [TEST_STEP][PASSED] - try: The URL is correct: http://localhost/SAD/ArtLens/adminindex.php

23-06-2024T20:33:37 - [TEST_STEP][PASSED] - userIndex = userIndex: null

23-06-2024T20:33:37 - [TEST_STEP][PASSED] - callTestCase(findTestCase("admin/landing_page/header_bar_visible"), [:], STOP_ON_FAILURE): Call Test Case 'Test Cases/admin/landing_page/header_bar_visible' successfully

23-06-2024T20:33:37 - [TEST_CASE][PASSED] - Test Cases/admin/landing_page/header_bar_visible: Test Cases/admin/landing_page/header_bar_visible

23-06-2024T20:33:37 - [TEST_STEP][PASSED] - callTestCase(findTestCase("admin/landing_page/page_acessible"), [:], STOP_ON_FAILURE): Call Test Case 'Test Cases/admin/landing_page/page_acessible' successfully

23-06-2024T20:33:37 - [TEST_CASE][PASSED] - Test Cases/admin/landing_page/page_acessible: Test Cases/admin/landing_page/page_acessible

23-06-2024T20:33:37 - [TEST_STEP][PASSED] - AdminUtils.openWebPage("admin.php"): Navigate to 'http://localhost/SAD/ArtLens/admin.php' successfully

23-06-2024T20:33:37 - [MESSAGE][INFO] - HAR: C:\DevPackage\xampp\htdocs\SAD\ArtLens\Reports\20240623_203303\Test_Admin_Page_Accessible\20240623_203303\requests\main\5.har

23-06-2024T20:33:37 - [MESSAGE][PASSED] - Send request successfully

23-06-2024T20:33:37 - [MESSAGE][PASSED] - All links are accessible

23-06-2024T20:33:38 - [MESSAGE][PASSED] - Navigate to 'http://localhost/SAD/ArtLens/admin.php' successfully

23-06-2024T20:33:38 - [MESSAGE][PASSED] - Call Test Case 'Test Cases/admin/landing_page/page_acessible' successfully

23-06-2024T20:33:38 - [TEST_STEP][PASSED] - verifyElementPresent(findTestObject("admin/landing_page/nav_ArtLens            Admin Login"), 0): Object 'Object Repository/admin/landing_page/nav_ArtLens            Admin Login' is present

23-06-2024T20:33:38 - [MESSAGE][WARNING] - Timeout '0' is invalid. Using default page load timeout: '30'

23-06-2024T20:33:38 - [MESSAGE][PASSED] - Object 'Object Repository/admin/landing_page/nav_ArtLens            Admin Login' is present

23-06-2024T20:33:38 - [TEST_STEP][PASSED] - verifyElementVisible(findTestObject("admin/landing_page/nav_ArtLens            Admin Login")): Object 'Object Repository/admin/landing_page/nav_ArtLens            Admin Login' is visible

23-06-2024T20:33:38 - [MESSAGE][PASSED] - Object 'Object Repository/admin/landing_page/nav_ArtLens            Admin Login' is visible

23-06-2024T20:33:38 - [MESSAGE][PASSED] - Call Test Case 'Test Cases/admin/landing_page/header_bar_visible' successfully

23-06-2024T20:33:38 - [TEST_STEP][PASSED] - AdminUtils.adminLogin(ValidUsernameCredentials[userIndex], ValidPasswordCredentials[userIndex]): Object: 'Object Repository/admin/landing_page/button_Login' is clicked on

23-06-2024T20:33:38 - [MESSAGE][WARNING] - Timeout '0' is invalid. Using default page load timeout: '30'

23-06-2024T20:33:39 - [MESSAGE][PASSED] - Object 'Object Repository/admin/landing_page/a_Admin Login' is present

23-06-2024T20:33:39 - [MESSAGE][PASSED] - Object 'Object Repository/admin/landing_page/a_Admin Login' is visible

23-06-2024T20:33:39 - [MESSAGE][PASSED] - Object: 'Object Repository/admin/landing_page/a_Admin Login' is clicked on

23-06-2024T20:33:40 - [MESSAGE][PASSED] - Text 'admin@gmail.com' is set on object 'Object Repository/admin/landing_page/input_ARTLENS_uname'

23-06-2024T20:33:40 - [MESSAGE][PASSED] - Object: 'Object Repository/admin/landing_page/button_Show' is clicked on

23-06-2024T20:33:41 - [MESSAGE][PASSED] - Text '@Helloword' is set on object 'Object Repository/admin/landing_page/input_ARTLENS_pass_1'

23-06-2024T20:33:41 - [MESSAGE][WARNING] - Timeout '0' is invalid. Using default page load timeout: '30'

23-06-2024T20:33:41 - [MESSAGE][PASSED] - Object 'Object Repository/admin/landing_page/button_Login' is present

23-06-2024T20:33:41 - [MESSAGE][PASSED] - Object 'Object Repository/admin/landing_page/button_Login' is visible

23-06-2024T20:33:42 - [MESSAGE][PASSED] - Object: 'Object Repository/admin/landing_page/button_Login' is clicked on

23-06-2024T20:33:42 - [TEST_STEP][PASSED] - currentUrl = getUrl(): Current window's url is: 'http://localhost/SAD/ArtLens/adminindex.php'

23-06-2024T20:33:42 - [MESSAGE][PASSED] - Current window's url is: 'http://localhost/SAD/ArtLens/adminindex.php'

23-06-2024T20:33:42 - [TEST_STEP][PASSED] - expectedUrl = $GlobalVariable.appBaseLinkadminindex.php: null

23-06-2024T20:33:42 - [TEST_STEP][PASSED] - isUrlCorrect = verifyMatch(currentUrl, expectedUrl, false): Actual text 'http://localhost/SAD/ArtLens/adminindex.php' and expected text 'http://localhost/SAD/ArtLens/adminindex.php' are matched 

23-06-2024T20:33:42 - [MESSAGE][PASSED] - Actual text 'http://localhost/SAD/ArtLens/adminindex.php' and expected text 'http://localhost/SAD/ArtLens/adminindex.php' are matched 

23-06-2024T20:33:42 - [TEST_STEP][PASSED] - if (isUrlCorrect): The URL is correct: http://localhost/SAD/ArtLens/adminindex.php

23-06-2024T20:33:42 - [TEST_STEP][PASSED] - markPassed("The URL is correct: " + currentUrl): The URL is correct: http://localhost/SAD/ArtLens/adminindex.php

23-06-2024T20:33:42 - [MESSAGE][PASSED] - The URL is correct: http://localhost/SAD/ArtLens/adminindex.php

23-06-2024T20:33:42 - [TEST_STEP][PASSED] - Finally: null

23-06-2024T20:33:42 - [MESSAGE][PASSED] - Call Test Case 'Test Cases/Common_TestCases/admin_login_all_valid' successfully

23-06-2024T20:33:42 - [TEST_STEP][PASSED] - verifyElementPresent(findTestObject("Object Repository/admin/components/side_nav_drawer/a_Artworks"), 0): Object 'Object Repository/admin/components/side_nav_drawer/a_Artworks' is present

23-06-2024T20:33:42 - [MESSAGE][WARNING] - Timeout '0' is invalid. Using default page load timeout: '30'

23-06-2024T20:33:42 - [MESSAGE][PASSED] - Object 'Object Repository/admin/components/side_nav_drawer/a_Artworks' is present

23-06-2024T20:33:42 - [TEST_STEP][PASSED] - verifyElementVisible(findTestObject("Object Repository/admin/components/side_nav_drawer/a_Artworks"), STOP_ON_FAILURE): Object 'Object Repository/admin/components/side_nav_drawer/a_Artworks' is visible

23-06-2024T20:33:42 - [MESSAGE][PASSED] - Object 'Object Repository/admin/components/side_nav_drawer/a_Artworks' is visible

23-06-2024T20:33:42 - [TEST_STEP][PASSED] - click(findTestObject("Object Repository/admin/components/side_nav_drawer/a_Artworks")): Object: 'Object Repository/admin/components/side_nav_drawer/a_Artworks' is clicked on

23-06-2024T20:33:43 - [MESSAGE][PASSED] - Object: 'Object Repository/admin/components/side_nav_drawer/a_Artworks' is clicked on

23-06-2024T20:33:43 - [TEST_STEP][PASSED] - currentUrl = getUrl(): Current window's url is: 'http://localhost/SAD/ArtLens/adminartwork.php'

23-06-2024T20:33:43 - [MESSAGE][PASSED] - Current window's url is: 'http://localhost/SAD/ArtLens/adminartwork.php'

23-06-2024T20:33:43 - [TEST_STEP][PASSED] - expectedUrl = $GlobalVariable.appBaseLinkadminartwork.php: null

23-06-2024T20:33:43 - [TEST_STEP][PASSED] - isUrlCorrect = verifyMatch(currentUrl, expectedUrl, false): Actual text 'http://localhost/SAD/ArtLens/adminartwork.php' and expected text 'http://localhost/SAD/ArtLens/adminartwork.php' are matched 

23-06-2024T20:33:43 - [MESSAGE][PASSED] - Actual text 'http://localhost/SAD/ArtLens/adminartwork.php' and expected text 'http://localhost/SAD/ArtLens/adminartwork.php' are matched 

23-06-2024T20:33:43 - [TEST_STEP][PASSED] - if (isUrlCorrect): The URL is correct: http://localhost/SAD/ArtLens/adminartwork.php

23-06-2024T20:33:43 - [TEST_STEP][PASSED] - markPassed("The URL is correct: " + currentUrl): The URL is correct: http://localhost/SAD/ArtLens/adminartwork.php

23-06-2024T20:33:43 - [MESSAGE][PASSED] - The URL is correct: http://localhost/SAD/ArtLens/adminartwork.php

23-06-2024T20:33:43 - [TEST_STEP][PASSED] - Start listener action : sampleAfterTestCase: null]]></system-out>
         <system-err><![CDATA[]]></system-err>
      </testcase>
      <testcase name="Test Cases/admin/booking_management/page_accessible" time="10.023" classname="Test Cases/admin/booking_management/page_accessible" status="PASSED">
         <system-out><![CDATA[23-06-2024T20:33:43 - [TEST_CASE][PASSED] - Test Cases/admin/booking_management/page_accessible: Test Cases/admin/booking_management/page_accessible

23-06-2024T20:33:43 - [TEST_STEP][PASSED] - Start listener action : sampleBeforeTestCase: Browser is opened with url: ''

23-06-2024T20:33:43 - [TEST_STEP][PASSED] - println(testCaseContext.getTestCaseId()): null

23-06-2024T20:33:43 - [TEST_STEP][PASSED] - openBrowser(""): Browser is opened with url: ''

23-06-2024T20:33:43 - [MESSAGE][WARNING] - A browser is already opened. Closing browser and opening a new one

23-06-2024T20:33:43 - [MESSAGE][INFO] - Starting 'Edge Chromium' driver

23-06-2024T20:33:46 - [MESSAGE][INFO] - Action delay is set to 0 milliseconds

23-06-2024T20:33:47 - [MESSAGE][PASSED] - Browser is opened with url: ''

23-06-2024T20:33:47 - [TEST_STEP][PASSED] - AdminUtils.openWebPage("adminbooking.php"): Navigate to 'http://localhost/SAD/ArtLens/adminbooking.php' successfully

23-06-2024T20:33:47 - [MESSAGE][INFO] - HAR: C:\DevPackage\xampp\htdocs\SAD\ArtLens\Reports\20240623_203303\Test_Admin_Page_Accessible\20240623_203303\requests\main\6.har

23-06-2024T20:33:47 - [MESSAGE][PASSED] - Send request successfully

23-06-2024T20:33:47 - [MESSAGE][PASSED] - All links are accessible

23-06-2024T20:33:47 - [MESSAGE][PASSED] - Navigate to 'http://localhost/SAD/ArtLens/adminbooking.php' successfully

23-06-2024T20:33:47 - [TEST_STEP][PASSED] - callTestCase(findTestCase("Common_TestCases/admin_login_all_valid"), [:], STOP_ON_FAILURE): Call Test Case 'Test Cases/Common_TestCases/admin_login_all_valid' successfully

23-06-2024T20:33:47 - [TEST_CASE][PASSED] - Test Cases/Common_TestCases/admin_login_all_valid: Test Cases/Common_TestCases/admin_login_all_valid

23-06-2024T20:33:47 - [TEST_STEP][PASSED] - try: The URL is correct: http://localhost/SAD/ArtLens/adminindex.php

23-06-2024T20:33:47 - [TEST_STEP][PASSED] - userIndex = userIndex: null

23-06-2024T20:33:47 - [TEST_STEP][PASSED] - callTestCase(findTestCase("admin/landing_page/header_bar_visible"), [:], STOP_ON_FAILURE): Call Test Case 'Test Cases/admin/landing_page/header_bar_visible' successfully

23-06-2024T20:33:47 - [TEST_CASE][PASSED] - Test Cases/admin/landing_page/header_bar_visible: Test Cases/admin/landing_page/header_bar_visible

23-06-2024T20:33:47 - [TEST_STEP][PASSED] - callTestCase(findTestCase("admin/landing_page/page_acessible"), [:], STOP_ON_FAILURE): Call Test Case 'Test Cases/admin/landing_page/page_acessible' successfully

23-06-2024T20:33:47 - [TEST_CASE][PASSED] - Test Cases/admin/landing_page/page_acessible: Test Cases/admin/landing_page/page_acessible

23-06-2024T20:33:47 - [TEST_STEP][PASSED] - AdminUtils.openWebPage("admin.php"): Navigate to 'http://localhost/SAD/ArtLens/admin.php' successfully

23-06-2024T20:33:48 - [MESSAGE][INFO] - HAR: C:\DevPackage\xampp\htdocs\SAD\ArtLens\Reports\20240623_203303\Test_Admin_Page_Accessible\20240623_203303\requests\main\7.har

23-06-2024T20:33:48 - [MESSAGE][PASSED] - Send request successfully

23-06-2024T20:33:48 - [MESSAGE][PASSED] - All links are accessible

23-06-2024T20:33:48 - [MESSAGE][PASSED] - Navigate to 'http://localhost/SAD/ArtLens/admin.php' successfully

23-06-2024T20:33:48 - [MESSAGE][PASSED] - Call Test Case 'Test Cases/admin/landing_page/page_acessible' successfully

23-06-2024T20:33:48 - [TEST_STEP][PASSED] - verifyElementPresent(findTestObject("admin/landing_page/nav_ArtLens            Admin Login"), 0): Object 'Object Repository/admin/landing_page/nav_ArtLens            Admin Login' is present

23-06-2024T20:33:48 - [MESSAGE][WARNING] - Timeout '0' is invalid. Using default page load timeout: '30'

23-06-2024T20:33:48 - [MESSAGE][PASSED] - Object 'Object Repository/admin/landing_page/nav_ArtLens            Admin Login' is present

23-06-2024T20:33:48 - [TEST_STEP][PASSED] - verifyElementVisible(findTestObject("admin/landing_page/nav_ArtLens            Admin Login")): Object 'Object Repository/admin/landing_page/nav_ArtLens            Admin Login' is visible

23-06-2024T20:33:48 - [MESSAGE][PASSED] - Object 'Object Repository/admin/landing_page/nav_ArtLens            Admin Login' is visible

23-06-2024T20:33:48 - [MESSAGE][PASSED] - Call Test Case 'Test Cases/admin/landing_page/header_bar_visible' successfully

23-06-2024T20:33:48 - [TEST_STEP][PASSED] - AdminUtils.adminLogin(ValidUsernameCredentials[userIndex], ValidPasswordCredentials[userIndex]): Object: 'Object Repository/admin/landing_page/button_Login' is clicked on

23-06-2024T20:33:48 - [MESSAGE][WARNING] - Timeout '0' is invalid. Using default page load timeout: '30'

23-06-2024T20:33:49 - [MESSAGE][PASSED] - Object 'Object Repository/admin/landing_page/a_Admin Login' is present

23-06-2024T20:33:49 - [MESSAGE][PASSED] - Object 'Object Repository/admin/landing_page/a_Admin Login' is visible

23-06-2024T20:33:49 - [MESSAGE][PASSED] - Object: 'Object Repository/admin/landing_page/a_Admin Login' is clicked on

23-06-2024T20:33:50 - [MESSAGE][PASSED] - Text 'admin@gmail.com' is set on object 'Object Repository/admin/landing_page/input_ARTLENS_uname'

23-06-2024T20:33:50 - [MESSAGE][PASSED] - Object: 'Object Repository/admin/landing_page/button_Show' is clicked on

23-06-2024T20:33:51 - [MESSAGE][PASSED] - Text '@Helloword' is set on object 'Object Repository/admin/landing_page/input_ARTLENS_pass_1'

23-06-2024T20:33:51 - [MESSAGE][WARNING] - Timeout '0' is invalid. Using default page load timeout: '30'

23-06-2024T20:33:51 - [MESSAGE][PASSED] - Object 'Object Repository/admin/landing_page/button_Login' is present

23-06-2024T20:33:51 - [MESSAGE][PASSED] - Object 'Object Repository/admin/landing_page/button_Login' is visible

23-06-2024T20:33:52 - [MESSAGE][PASSED] - Object: 'Object Repository/admin/landing_page/button_Login' is clicked on

23-06-2024T20:33:52 - [TEST_STEP][PASSED] - currentUrl = getUrl(): Current window's url is: 'http://localhost/SAD/ArtLens/adminindex.php'

23-06-2024T20:33:52 - [MESSAGE][PASSED] - Current window's url is: 'http://localhost/SAD/ArtLens/adminindex.php'

23-06-2024T20:33:52 - [TEST_STEP][PASSED] - expectedUrl = $GlobalVariable.appBaseLinkadminindex.php: null

23-06-2024T20:33:52 - [TEST_STEP][PASSED] - isUrlCorrect = verifyMatch(currentUrl, expectedUrl, false): Actual text 'http://localhost/SAD/ArtLens/adminindex.php' and expected text 'http://localhost/SAD/ArtLens/adminindex.php' are matched 

23-06-2024T20:33:52 - [MESSAGE][PASSED] - Actual text 'http://localhost/SAD/ArtLens/adminindex.php' and expected text 'http://localhost/SAD/ArtLens/adminindex.php' are matched 

23-06-2024T20:33:52 - [TEST_STEP][PASSED] - if (isUrlCorrect): The URL is correct: http://localhost/SAD/ArtLens/adminindex.php

23-06-2024T20:33:52 - [TEST_STEP][PASSED] - markPassed("The URL is correct: " + currentUrl): The URL is correct: http://localhost/SAD/ArtLens/adminindex.php

23-06-2024T20:33:52 - [MESSAGE][PASSED] - The URL is correct: http://localhost/SAD/ArtLens/adminindex.php

23-06-2024T20:33:52 - [TEST_STEP][PASSED] - Finally: null

23-06-2024T20:33:52 - [MESSAGE][PASSED] - Call Test Case 'Test Cases/Common_TestCases/admin_login_all_valid' successfully

23-06-2024T20:33:52 - [TEST_STEP][PASSED] - verifyElementPresent(findTestObject("Object Repository/admin/components/side_nav_drawer/a_Booking"), 0): Object 'Object Repository/admin/components/side_nav_drawer/a_Booking' is present

23-06-2024T20:33:52 - [MESSAGE][WARNING] - Timeout '0' is invalid. Using default page load timeout: '30'

23-06-2024T20:33:52 - [MESSAGE][PASSED] - Object 'Object Repository/admin/components/side_nav_drawer/a_Booking' is present

23-06-2024T20:33:52 - [TEST_STEP][PASSED] - verifyElementVisible(findTestObject("Object Repository/admin/components/side_nav_drawer/a_Booking"), STOP_ON_FAILURE): Object 'Object Repository/admin/components/side_nav_drawer/a_Booking' is visible

23-06-2024T20:33:52 - [MESSAGE][PASSED] - Object 'Object Repository/admin/components/side_nav_drawer/a_Booking' is visible

23-06-2024T20:33:52 - [TEST_STEP][PASSED] - click(findTestObject("Object Repository/admin/components/side_nav_drawer/a_Booking")): Object: 'Object Repository/admin/components/side_nav_drawer/a_Booking' is clicked on

23-06-2024T20:33:53 - [MESSAGE][PASSED] - Object: 'Object Repository/admin/components/side_nav_drawer/a_Booking' is clicked on

23-06-2024T20:33:53 - [TEST_STEP][PASSED] - currentUrl = getUrl(): Current window's url is: 'http://localhost/SAD/ArtLens/adminbooking.php'

23-06-2024T20:33:53 - [MESSAGE][PASSED] - Current window's url is: 'http://localhost/SAD/ArtLens/adminbooking.php'

23-06-2024T20:33:53 - [TEST_STEP][PASSED] - expectedUrl = $GlobalVariable.appBaseLinkadminbooking.php: null

23-06-2024T20:33:53 - [TEST_STEP][PASSED] - isUrlCorrect = verifyMatch(currentUrl, expectedUrl, false): Actual text 'http://localhost/SAD/ArtLens/adminbooking.php' and expected text 'http://localhost/SAD/ArtLens/adminbooking.php' are matched 

23-06-2024T20:33:53 - [MESSAGE][PASSED] - Actual text 'http://localhost/SAD/ArtLens/adminbooking.php' and expected text 'http://localhost/SAD/ArtLens/adminbooking.php' are matched 

23-06-2024T20:33:53 - [TEST_STEP][PASSED] - if (isUrlCorrect): The URL is correct: http://localhost/SAD/ArtLens/adminbooking.php

23-06-2024T20:33:53 - [TEST_STEP][PASSED] - markPassed("The URL is correct: " + currentUrl): The URL is correct: http://localhost/SAD/ArtLens/adminbooking.php

23-06-2024T20:33:53 - [MESSAGE][PASSED] - The URL is correct: http://localhost/SAD/ArtLens/adminbooking.php

23-06-2024T20:33:53 - [TEST_STEP][PASSED] - Start listener action : sampleAfterTestCase: null]]></system-out>
         <system-err><![CDATA[]]></system-err>
      </testcase>
      <testcase name="Test Cases/admin/dashboard/page_accessible" time="4.203" classname="Test Cases/admin/dashboard/page_accessible" status="PASSED">
         <system-out><![CDATA[23-06-2024T20:33:53 - [TEST_CASE][PASSED] - Test Cases/admin/dashboard/page_accessible: Test Cases/admin/dashboard/page_accessible

23-06-2024T20:33:53 - [TEST_STEP][PASSED] - Start listener action : sampleBeforeTestCase: Browser is opened with url: ''

23-06-2024T20:33:53 - [TEST_STEP][PASSED] - println(testCaseContext.getTestCaseId()): null

23-06-2024T20:33:53 - [TEST_STEP][PASSED] - openBrowser(""): Browser is opened with url: ''

23-06-2024T20:33:53 - [MESSAGE][WARNING] - A browser is already opened. Closing browser and opening a new one

23-06-2024T20:33:53 - [MESSAGE][INFO] - Starting 'Edge Chromium' driver

23-06-2024T20:33:55 - [MESSAGE][INFO] - Action delay is set to 0 milliseconds

23-06-2024T20:33:57 - [MESSAGE][PASSED] - Browser is opened with url: ''

23-06-2024T20:33:57 - [TEST_STEP][PASSED] - AdminUtils.openWebPage("adminindex.php"): Navigate to 'http://localhost/SAD/ArtLens/adminindex.php' successfully

23-06-2024T20:33:57 - [MESSAGE][INFO] - HAR: C:\DevPackage\xampp\htdocs\SAD\ArtLens\Reports\20240623_203303\Test_Admin_Page_Accessible\20240623_203303\requests\main\8.har

23-06-2024T20:33:57 - [MESSAGE][PASSED] - Send request successfully

23-06-2024T20:33:57 - [MESSAGE][PASSED] - All links are accessible

23-06-2024T20:33:57 - [MESSAGE][PASSED] - Navigate to 'http://localhost/SAD/ArtLens/adminindex.php' successfully

23-06-2024T20:33:57 - [TEST_STEP][PASSED] - Start listener action : sampleAfterTestCase: null]]></system-out>
         <system-err><![CDATA[]]></system-err>
      </testcase>
      <testcase name="Test Cases/admin/landing_page/page_acessible" time="4.702" classname="Test Cases/admin/landing_page/page_acessible" status="PASSED">
         <system-out><![CDATA[23-06-2024T20:33:57 - [TEST_CASE][PASSED] - Test Cases/admin/landing_page/page_acessible: Test Cases/admin/landing_page/page_acessible

23-06-2024T20:33:57 - [TEST_STEP][PASSED] - Start listener action : sampleBeforeTestCase: Browser is opened with url: ''

23-06-2024T20:33:57 - [TEST_STEP][PASSED] - println(testCaseContext.getTestCaseId()): null

23-06-2024T20:33:57 - [TEST_STEP][PASSED] - openBrowser(""): Browser is opened with url: ''

23-06-2024T20:33:57 - [MESSAGE][WARNING] - A browser is already opened. Closing browser and opening a new one

23-06-2024T20:33:57 - [MESSAGE][INFO] - Starting 'Edge Chromium' driver

23-06-2024T20:33:59 - [MESSAGE][INFO] - Action delay is set to 0 milliseconds

23-06-2024T20:34:01 - [MESSAGE][PASSED] - Browser is opened with url: ''

23-06-2024T20:34:01 - [TEST_STEP][PASSED] - AdminUtils.openWebPage("admin.php"): Navigate to 'http://localhost/SAD/ArtLens/admin.php' successfully

23-06-2024T20:34:01 - [MESSAGE][INFO] - HAR: C:\DevPackage\xampp\htdocs\SAD\ArtLens\Reports\20240623_203303\Test_Admin_Page_Accessible\20240623_203303\requests\main\9.har

23-06-2024T20:34:01 - [MESSAGE][PASSED] - Send request successfully

23-06-2024T20:34:01 - [MESSAGE][PASSED] - All links are accessible

23-06-2024T20:34:02 - [MESSAGE][PASSED] - Navigate to 'http://localhost/SAD/ArtLens/admin.php' successfully

23-06-2024T20:34:02 - [TEST_STEP][PASSED] - Start listener action : sampleAfterTestCase: null]]></system-out>
         <system-err><![CDATA[]]></system-err>
      </testcase>
      <testcase name="Test Cases/admin/quiz_management/page_accessible" time="8.611" classname="Test Cases/admin/quiz_management/page_accessible" status="PASSED">
         <system-out><![CDATA[23-06-2024T20:34:02 - [TEST_CASE][PASSED] - Test Cases/admin/quiz_management/page_accessible: Test Cases/admin/quiz_management/page_accessible

23-06-2024T20:34:02 - [TEST_STEP][PASSED] - Start listener action : sampleBeforeTestCase: Browser is opened with url: ''

23-06-2024T20:34:02 - [TEST_STEP][PASSED] - println(testCaseContext.getTestCaseId()): null

23-06-2024T20:34:02 - [TEST_STEP][PASSED] - openBrowser(""): Browser is opened with url: ''

23-06-2024T20:34:02 - [MESSAGE][WARNING] - A browser is already opened. Closing browser and opening a new one

23-06-2024T20:34:02 - [MESSAGE][INFO] - Starting 'Edge Chromium' driver

23-06-2024T20:34:04 - [MESSAGE][INFO] - Action delay is set to 0 milliseconds

23-06-2024T20:34:04 - [MESSAGE][PASSED] - Browser is opened with url: ''

23-06-2024T20:34:04 - [TEST_STEP][PASSED] - AdminUtils.openWebPage("adminquiz.php"): Navigate to 'http://localhost/SAD/ArtLens/adminquiz.php' successfully

23-06-2024T20:34:05 - [MESSAGE][INFO] - HAR: C:\DevPackage\xampp\htdocs\SAD\ArtLens\Reports\20240623_203303\Test_Admin_Page_Accessible\20240623_203303\requests\main\10.har

23-06-2024T20:34:05 - [MESSAGE][PASSED] - Send request successfully

23-06-2024T20:34:05 - [MESSAGE][PASSED] - All links are accessible

23-06-2024T20:34:05 - [MESSAGE][PASSED] - Navigate to 'http://localhost/SAD/ArtLens/adminquiz.php' successfully

23-06-2024T20:34:05 - [TEST_STEP][PASSED] - callTestCase(findTestCase("Common_TestCases/admin_login_all_valid"), [:], STOP_ON_FAILURE): Call Test Case 'Test Cases/Common_TestCases/admin_login_all_valid' successfully

23-06-2024T20:34:05 - [TEST_CASE][PASSED] - Test Cases/Common_TestCases/admin_login_all_valid: Test Cases/Common_TestCases/admin_login_all_valid

23-06-2024T20:34:05 - [TEST_STEP][PASSED] - try: The URL is correct: http://localhost/SAD/ArtLens/adminindex.php

23-06-2024T20:34:05 - [TEST_STEP][PASSED] - userIndex = userIndex: null

23-06-2024T20:34:05 - [TEST_STEP][PASSED] - callTestCase(findTestCase("admin/landing_page/header_bar_visible"), [:], STOP_ON_FAILURE): Call Test Case 'Test Cases/admin/landing_page/header_bar_visible' successfully

23-06-2024T20:34:05 - [TEST_CASE][PASSED] - Test Cases/admin/landing_page/header_bar_visible: Test Cases/admin/landing_page/header_bar_visible

23-06-2024T20:34:05 - [TEST_STEP][PASSED] - callTestCase(findTestCase("admin/landing_page/page_acessible"), [:], STOP_ON_FAILURE): Call Test Case 'Test Cases/admin/landing_page/page_acessible' successfully

23-06-2024T20:34:05 - [TEST_CASE][PASSED] - Test Cases/admin/landing_page/page_acessible: Test Cases/admin/landing_page/page_acessible

23-06-2024T20:34:05 - [TEST_STEP][PASSED] - AdminUtils.openWebPage("admin.php"): Navigate to 'http://localhost/SAD/ArtLens/admin.php' successfully

23-06-2024T20:34:05 - [MESSAGE][INFO] - HAR: C:\DevPackage\xampp\htdocs\SAD\ArtLens\Reports\20240623_203303\Test_Admin_Page_Accessible\20240623_203303\requests\main\11.har

23-06-2024T20:34:05 - [MESSAGE][PASSED] - Send request successfully

23-06-2024T20:34:05 - [MESSAGE][PASSED] - All links are accessible

23-06-2024T20:34:05 - [MESSAGE][PASSED] - Navigate to 'http://localhost/SAD/ArtLens/admin.php' successfully

23-06-2024T20:34:05 - [MESSAGE][PASSED] - Call Test Case 'Test Cases/admin/landing_page/page_acessible' successfully

23-06-2024T20:34:05 - [TEST_STEP][PASSED] - verifyElementPresent(findTestObject("admin/landing_page/nav_ArtLens            Admin Login"), 0): Object 'Object Repository/admin/landing_page/nav_ArtLens            Admin Login' is present

23-06-2024T20:34:05 - [MESSAGE][WARNING] - Timeout '0' is invalid. Using default page load timeout: '30'

23-06-2024T20:34:06 - [MESSAGE][PASSED] - Object 'Object Repository/admin/landing_page/nav_ArtLens            Admin Login' is present

23-06-2024T20:34:06 - [TEST_STEP][PASSED] - verifyElementVisible(findTestObject("admin/landing_page/nav_ArtLens            Admin Login")): Object 'Object Repository/admin/landing_page/nav_ArtLens            Admin Login' is visible

23-06-2024T20:34:06 - [MESSAGE][PASSED] - Object 'Object Repository/admin/landing_page/nav_ArtLens            Admin Login' is visible

23-06-2024T20:34:06 - [MESSAGE][PASSED] - Call Test Case 'Test Cases/admin/landing_page/header_bar_visible' successfully

23-06-2024T20:34:06 - [TEST_STEP][PASSED] - AdminUtils.adminLogin(ValidUsernameCredentials[userIndex], ValidPasswordCredentials[userIndex]): Object: 'Object Repository/admin/landing_page/button_Login' is clicked on

23-06-2024T20:34:06 - [MESSAGE][WARNING] - Timeout '0' is invalid. Using default page load timeout: '30'

23-06-2024T20:34:06 - [MESSAGE][PASSED] - Object 'Object Repository/admin/landing_page/a_Admin Login' is present

23-06-2024T20:34:06 - [MESSAGE][PASSED] - Object 'Object Repository/admin/landing_page/a_Admin Login' is visible

23-06-2024T20:34:07 - [MESSAGE][PASSED] - Object: 'Object Repository/admin/landing_page/a_Admin Login' is clicked on

23-06-2024T20:34:07 - [MESSAGE][PASSED] - Text 'admin@gmail.com' is set on object 'Object Repository/admin/landing_page/input_ARTLENS_uname'

23-06-2024T20:34:08 - [MESSAGE][PASSED] - Object: 'Object Repository/admin/landing_page/button_Show' is clicked on

23-06-2024T20:34:08 - [MESSAGE][PASSED] - Text '@Helloword' is set on object 'Object Repository/admin/landing_page/input_ARTLENS_pass_1'

23-06-2024T20:34:08 - [MESSAGE][WARNING] - Timeout '0' is invalid. Using default page load timeout: '30'

23-06-2024T20:34:09 - [MESSAGE][PASSED] - Object 'Object Repository/admin/landing_page/button_Login' is present

23-06-2024T20:34:09 - [MESSAGE][PASSED] - Object 'Object Repository/admin/landing_page/button_Login' is visible

23-06-2024T20:34:09 - [MESSAGE][PASSED] - Object: 'Object Repository/admin/landing_page/button_Login' is clicked on

23-06-2024T20:34:09 - [TEST_STEP][PASSED] - currentUrl = getUrl(): Current window's url is: 'http://localhost/SAD/ArtLens/adminindex.php'

23-06-2024T20:34:09 - [MESSAGE][PASSED] - Current window's url is: 'http://localhost/SAD/ArtLens/adminindex.php'

23-06-2024T20:34:09 - [TEST_STEP][PASSED] - expectedUrl = $GlobalVariable.appBaseLinkadminindex.php: null

23-06-2024T20:34:09 - [TEST_STEP][PASSED] - isUrlCorrect = verifyMatch(currentUrl, expectedUrl, false): Actual text 'http://localhost/SAD/ArtLens/adminindex.php' and expected text 'http://localhost/SAD/ArtLens/adminindex.php' are matched 

23-06-2024T20:34:09 - [MESSAGE][PASSED] - Actual text 'http://localhost/SAD/ArtLens/adminindex.php' and expected text 'http://localhost/SAD/ArtLens/adminindex.php' are matched 

23-06-2024T20:34:09 - [TEST_STEP][PASSED] - if (isUrlCorrect): The URL is correct: http://localhost/SAD/ArtLens/adminindex.php

23-06-2024T20:34:09 - [TEST_STEP][PASSED] - markPassed("The URL is correct: " + currentUrl): The URL is correct: http://localhost/SAD/ArtLens/adminindex.php

23-06-2024T20:34:09 - [MESSAGE][PASSED] - The URL is correct: http://localhost/SAD/ArtLens/adminindex.php

23-06-2024T20:34:09 - [TEST_STEP][PASSED] - Finally: null

23-06-2024T20:34:09 - [MESSAGE][PASSED] - Call Test Case 'Test Cases/Common_TestCases/admin_login_all_valid' successfully

23-06-2024T20:34:09 - [TEST_STEP][PASSED] - verifyElementPresent(findTestObject("Object Repository/admin/components/side_nav_drawer/a_Quiz"), 0): Object 'Object Repository/admin/components/side_nav_drawer/a_Quiz' is present

23-06-2024T20:34:09 - [MESSAGE][WARNING] - Timeout '0' is invalid. Using default page load timeout: '30'

23-06-2024T20:34:10 - [MESSAGE][PASSED] - Object 'Object Repository/admin/components/side_nav_drawer/a_Quiz' is present

23-06-2024T20:34:10 - [TEST_STEP][PASSED] - verifyElementVisible(findTestObject("Object Repository/admin/components/side_nav_drawer/a_Quiz"), STOP_ON_FAILURE): Object 'Object Repository/admin/components/side_nav_drawer/a_Quiz' is visible

23-06-2024T20:34:10 - [MESSAGE][PASSED] - Object 'Object Repository/admin/components/side_nav_drawer/a_Quiz' is visible

23-06-2024T20:34:10 - [TEST_STEP][PASSED] - click(findTestObject("Object Repository/admin/components/side_nav_drawer/a_Quiz")): Object: 'Object Repository/admin/components/side_nav_drawer/a_Quiz' is clicked on

23-06-2024T20:34:10 - [MESSAGE][PASSED] - Object: 'Object Repository/admin/components/side_nav_drawer/a_Quiz' is clicked on

23-06-2024T20:34:10 - [TEST_STEP][PASSED] - currentUrl = getUrl(): Current window's url is: 'http://localhost/SAD/ArtLens/adminquiz.php'

23-06-2024T20:34:10 - [MESSAGE][PASSED] - Current window's url is: 'http://localhost/SAD/ArtLens/adminquiz.php'

23-06-2024T20:34:10 - [TEST_STEP][PASSED] - expectedUrl = $GlobalVariable.appBaseLinkadminquiz.php: null

23-06-2024T20:34:10 - [TEST_STEP][PASSED] - isUrlCorrect = verifyMatch(currentUrl, expectedUrl, false): Actual text 'http://localhost/SAD/ArtLens/adminquiz.php' and expected text 'http://localhost/SAD/ArtLens/adminquiz.php' are matched 

23-06-2024T20:34:10 - [MESSAGE][PASSED] - Actual text 'http://localhost/SAD/ArtLens/adminquiz.php' and expected text 'http://localhost/SAD/ArtLens/adminquiz.php' are matched 

23-06-2024T20:34:10 - [TEST_STEP][PASSED] - if (isUrlCorrect): The URL is correct: http://localhost/SAD/ArtLens/adminquiz.php

23-06-2024T20:34:10 - [TEST_STEP][PASSED] - markPassed("The URL is correct: " + currentUrl): The URL is correct: http://localhost/SAD/ArtLens/adminquiz.php

23-06-2024T20:34:10 - [MESSAGE][PASSED] - The URL is correct: http://localhost/SAD/ArtLens/adminquiz.php

23-06-2024T20:34:10 - [TEST_STEP][PASSED] - Start listener action : sampleAfterTestCase: null]]></system-out>
         <system-err><![CDATA[]]></system-err>
      </testcase>
      <testcase name="Test Cases/admin/visitor_log_management/page_accessible" time="8.759" classname="Test Cases/admin/visitor_log_management/page_accessible" status="PASSED">
         <system-out><![CDATA[23-06-2024T20:34:10 - [TEST_CASE][PASSED] - Test Cases/admin/visitor_log_management/page_accessible: Test Cases/admin/visitor_log_management/page_accessible

23-06-2024T20:34:10 - [TEST_STEP][PASSED] - Start listener action : sampleBeforeTestCase: Browser is opened with url: ''

23-06-2024T20:34:10 - [TEST_STEP][PASSED] - println(testCaseContext.getTestCaseId()): null

23-06-2024T20:34:11 - [TEST_STEP][PASSED] - openBrowser(""): Browser is opened with url: ''

23-06-2024T20:34:11 - [MESSAGE][WARNING] - A browser is already opened. Closing browser and opening a new one

23-06-2024T20:34:11 - [MESSAGE][INFO] - Starting 'Edge Chromium' driver

23-06-2024T20:34:12 - [MESSAGE][INFO] - Action delay is set to 0 milliseconds

23-06-2024T20:34:13 - [MESSAGE][PASSED] - Browser is opened with url: ''

23-06-2024T20:34:13 - [TEST_STEP][PASSED] - AdminUtils.openWebPage("adminvisitorlog.php"): Navigate to 'http://localhost/SAD/ArtLens/adminvisitorlog.php' successfully

23-06-2024T20:34:13 - [MESSAGE][INFO] - HAR: C:\DevPackage\xampp\htdocs\SAD\ArtLens\Reports\20240623_203303\Test_Admin_Page_Accessible\20240623_203303\requests\main\12.har

23-06-2024T20:34:13 - [MESSAGE][PASSED] - Send request successfully

23-06-2024T20:34:13 - [MESSAGE][PASSED] - All links are accessible

23-06-2024T20:34:13 - [MESSAGE][PASSED] - Navigate to 'http://localhost/SAD/ArtLens/adminvisitorlog.php' successfully

23-06-2024T20:34:13 - [TEST_STEP][PASSED] - callTestCase(findTestCase("Common_TestCases/admin_login_all_valid"), [:], STOP_ON_FAILURE): Call Test Case 'Test Cases/Common_TestCases/admin_login_all_valid' successfully

23-06-2024T20:34:14 - [TEST_CASE][PASSED] - Test Cases/Common_TestCases/admin_login_all_valid: Test Cases/Common_TestCases/admin_login_all_valid

23-06-2024T20:34:14 - [TEST_STEP][PASSED] - try: The URL is correct: http://localhost/SAD/ArtLens/adminindex.php

23-06-2024T20:34:14 - [TEST_STEP][PASSED] - userIndex = userIndex: null

23-06-2024T20:34:14 - [TEST_STEP][PASSED] - callTestCase(findTestCase("admin/landing_page/header_bar_visible"), [:], STOP_ON_FAILURE): Call Test Case 'Test Cases/admin/landing_page/header_bar_visible' successfully

23-06-2024T20:34:14 - [TEST_CASE][PASSED] - Test Cases/admin/landing_page/header_bar_visible: Test Cases/admin/landing_page/header_bar_visible

23-06-2024T20:34:14 - [TEST_STEP][PASSED] - callTestCase(findTestCase("admin/landing_page/page_acessible"), [:], STOP_ON_FAILURE): Call Test Case 'Test Cases/admin/landing_page/page_acessible' successfully

23-06-2024T20:34:14 - [TEST_CASE][PASSED] - Test Cases/admin/landing_page/page_acessible: Test Cases/admin/landing_page/page_acessible

23-06-2024T20:34:14 - [TEST_STEP][PASSED] - AdminUtils.openWebPage("admin.php"): Navigate to 'http://localhost/SAD/ArtLens/admin.php' successfully

23-06-2024T20:34:14 - [MESSAGE][INFO] - HAR: C:\DevPackage\xampp\htdocs\SAD\ArtLens\Reports\20240623_203303\Test_Admin_Page_Accessible\20240623_203303\requests\main\13.har

23-06-2024T20:34:14 - [MESSAGE][PASSED] - Send request successfully

23-06-2024T20:34:14 - [MESSAGE][PASSED] - All links are accessible

23-06-2024T20:34:14 - [MESSAGE][PASSED] - Navigate to 'http://localhost/SAD/ArtLens/admin.php' successfully

23-06-2024T20:34:14 - [MESSAGE][PASSED] - Call Test Case 'Test Cases/admin/landing_page/page_acessible' successfully

23-06-2024T20:34:14 - [TEST_STEP][PASSED] - verifyElementPresent(findTestObject("admin/landing_page/nav_ArtLens            Admin Login"), 0): Object 'Object Repository/admin/landing_page/nav_ArtLens            Admin Login' is present

23-06-2024T20:34:14 - [MESSAGE][WARNING] - Timeout '0' is invalid. Using default page load timeout: '30'

23-06-2024T20:34:14 - [MESSAGE][PASSED] - Object 'Object Repository/admin/landing_page/nav_ArtLens            Admin Login' is present

23-06-2024T20:34:14 - [TEST_STEP][PASSED] - verifyElementVisible(findTestObject("admin/landing_page/nav_ArtLens            Admin Login")): Object 'Object Repository/admin/landing_page/nav_ArtLens            Admin Login' is visible

23-06-2024T20:34:15 - [MESSAGE][PASSED] - Object 'Object Repository/admin/landing_page/nav_ArtLens            Admin Login' is visible

23-06-2024T20:34:15 - [MESSAGE][PASSED] - Call Test Case 'Test Cases/admin/landing_page/header_bar_visible' successfully

23-06-2024T20:34:15 - [TEST_STEP][PASSED] - AdminUtils.adminLogin(ValidUsernameCredentials[userIndex], ValidPasswordCredentials[userIndex]): Object: 'Object Repository/admin/landing_page/button_Login' is clicked on

23-06-2024T20:34:15 - [MESSAGE][WARNING] - Timeout '0' is invalid. Using default page load timeout: '30'

23-06-2024T20:34:15 - [MESSAGE][PASSED] - Object 'Object Repository/admin/landing_page/a_Admin Login' is present

23-06-2024T20:34:15 - [MESSAGE][PASSED] - Object 'Object Repository/admin/landing_page/a_Admin Login' is visible

23-06-2024T20:34:15 - [MESSAGE][PASSED] - Object: 'Object Repository/admin/landing_page/a_Admin Login' is clicked on

23-06-2024T20:34:16 - [MESSAGE][PASSED] - Text 'admin@gmail.com' is set on object 'Object Repository/admin/landing_page/input_ARTLENS_uname'

23-06-2024T20:34:16 - [MESSAGE][PASSED] - Object: 'Object Repository/admin/landing_page/button_Show' is clicked on

23-06-2024T20:34:17 - [MESSAGE][PASSED] - Text '@Helloword' is set on object 'Object Repository/admin/landing_page/input_ARTLENS_pass_1'

23-06-2024T20:34:17 - [MESSAGE][WARNING] - Timeout '0' is invalid. Using default page load timeout: '30'

23-06-2024T20:34:17 - [MESSAGE][PASSED] - Object 'Object Repository/admin/landing_page/button_Login' is present

23-06-2024T20:34:17 - [MESSAGE][PASSED] - Object 'Object Repository/admin/landing_page/button_Login' is visible

23-06-2024T20:34:18 - [MESSAGE][PASSED] - Object: 'Object Repository/admin/landing_page/button_Login' is clicked on

23-06-2024T20:34:18 - [TEST_STEP][PASSED] - currentUrl = getUrl(): Current window's url is: 'http://localhost/SAD/ArtLens/adminindex.php'

23-06-2024T20:34:18 - [MESSAGE][PASSED] - Current window's url is: 'http://localhost/SAD/ArtLens/adminindex.php'

23-06-2024T20:34:18 - [TEST_STEP][PASSED] - expectedUrl = $GlobalVariable.appBaseLinkadminindex.php: null

23-06-2024T20:34:18 - [TEST_STEP][PASSED] - isUrlCorrect = verifyMatch(currentUrl, expectedUrl, false): Actual text 'http://localhost/SAD/ArtLens/adminindex.php' and expected text 'http://localhost/SAD/ArtLens/adminindex.php' are matched 

23-06-2024T20:34:18 - [MESSAGE][PASSED] - Actual text 'http://localhost/SAD/ArtLens/adminindex.php' and expected text 'http://localhost/SAD/ArtLens/adminindex.php' are matched 

23-06-2024T20:34:18 - [TEST_STEP][PASSED] - if (isUrlCorrect): The URL is correct: http://localhost/SAD/ArtLens/adminindex.php

23-06-2024T20:34:18 - [TEST_STEP][PASSED] - markPassed("The URL is correct: " + currentUrl): The URL is correct: http://localhost/SAD/ArtLens/adminindex.php

23-06-2024T20:34:18 - [MESSAGE][PASSED] - The URL is correct: http://localhost/SAD/ArtLens/adminindex.php

23-06-2024T20:34:18 - [TEST_STEP][PASSED] - Finally: null

23-06-2024T20:34:18 - [MESSAGE][PASSED] - Call Test Case 'Test Cases/Common_TestCases/admin_login_all_valid' successfully

23-06-2024T20:34:18 - [TEST_STEP][PASSED] - verifyElementPresent(findTestObject("Object Repository/admin/components/side_nav_drawer/a_Visitor Log"), 0): Object 'Object Repository/admin/components/side_nav_drawer/a_Visitor Log' is present

23-06-2024T20:34:18 - [MESSAGE][WARNING] - Timeout '0' is invalid. Using default page load timeout: '30'

23-06-2024T20:34:18 - [MESSAGE][PASSED] - Object 'Object Repository/admin/components/side_nav_drawer/a_Visitor Log' is present

23-06-2024T20:34:18 - [TEST_STEP][PASSED] - verifyElementVisible(findTestObject("Object Repository/admin/components/side_nav_drawer/a_Visitor Log"), STOP_ON_FAILURE): Object 'Object Repository/admin/components/side_nav_drawer/a_Visitor Log' is visible

23-06-2024T20:34:19 - [MESSAGE][PASSED] - Object 'Object Repository/admin/components/side_nav_drawer/a_Visitor Log' is visible

23-06-2024T20:34:19 - [TEST_STEP][PASSED] - click(findTestObject("Object Repository/admin/components/side_nav_drawer/a_Visitor Log")): Object: 'Object Repository/admin/components/side_nav_drawer/a_Visitor Log' is clicked on

23-06-2024T20:34:19 - [MESSAGE][PASSED] - Object: 'Object Repository/admin/components/side_nav_drawer/a_Visitor Log' is clicked on

23-06-2024T20:34:19 - [TEST_STEP][PASSED] - currentUrl = getUrl(): Current window's url is: 'http://localhost/SAD/ArtLens/adminvisitorlog.php'

23-06-2024T20:34:19 - [MESSAGE][PASSED] - Current window's url is: 'http://localhost/SAD/ArtLens/adminvisitorlog.php'

23-06-2024T20:34:19 - [TEST_STEP][PASSED] - expectedUrl = $GlobalVariable.appBaseLinkadminvisitorlog.php: null

23-06-2024T20:34:19 - [TEST_STEP][PASSED] - isUrlCorrect = verifyMatch(currentUrl, expectedUrl, false): Actual text 'http://localhost/SAD/ArtLens/adminvisitorlog.php' and expected text 'http://localhost/SAD/ArtLens/adminvisitorlog.php' are matched 

23-06-2024T20:34:19 - [MESSAGE][PASSED] - Actual text 'http://localhost/SAD/ArtLens/adminvisitorlog.php' and expected text 'http://localhost/SAD/ArtLens/adminvisitorlog.php' are matched 

23-06-2024T20:34:19 - [TEST_STEP][PASSED] - if (isUrlCorrect): The URL is correct: http://localhost/SAD/ArtLens/adminvisitorlog.php

23-06-2024T20:34:19 - [TEST_STEP][PASSED] - markPassed("The URL is correct: " + currentUrl): The URL is correct: http://localhost/SAD/ArtLens/adminvisitorlog.php

23-06-2024T20:34:19 - [MESSAGE][PASSED] - The URL is correct: http://localhost/SAD/ArtLens/adminvisitorlog.php

23-06-2024T20:34:19 - [TEST_STEP][PASSED] - Start listener action : sampleAfterTestCase: null]]></system-out>
         <system-err><![CDATA[]]></system-err>
      </testcase>
      <system-out><![CDATA[23-06-2024T20:33:10 - [TEST_SUITE][PASSED] - Test_Admin_Page_Accessible: Test Cases/admin/visitor_log_management/page_accessible]]></system-out>
      <system-err><![CDATA[]]></system-err>
   </testsuite>
</testsuites>
